<?xml version="1.0" encoding="UTF-8"?>
<!-- Generated by org.testng.reporters.JUnitXMLReporter -->
<testsuite hostname="USBLRKB5" name="Default test" tests="4" failures="0" timestamp="21 May 2018 17:15:10 GMT" time="12.19" errors="0">
  <testcase name="addNewCountry" time="2.821" classname="com.hellofresh.api.RegressionSuite.CountryTests"/>
  <testcase name="getAllCountriesTest" time="4.114" classname="com.hellofresh.api.RegressionSuite.CountryTests"/>
  <testcase name="getIndividualCountries" time="3.588" classname="com.hellofresh.api.RegressionSuite.CountryTests"/>
  <testcase name="getInvalidCountries" time="1.018" classname="com.hellofresh.api.RegressionSuite.CountryTests"/>
</testsuite> <!-- Default test -->
